# JRE version: OpenJDK Runtime Environment (8.0_242-b01) (build 1.8.0_242-release-1644-b01)
# Java VM: OpenJDK 64-Bit Server VM (25.242-b01 mixed mode windows-amd64 compressed oops)
Heap:
 PSYoungGen      total 454656K, used 454337K [0x00000000e0000000, 0x0000000100000000, 0x0000000100000000)
  eden space 419840K, 100% used [0x00000000e0000000,0x00000000f9a00000,0x00000000f9a00000)
  from space 34816K, 99% used [0x00000000f9a00000,0x00000000fbbb06f0,0x00000000fbc00000)
  to   space 53760K, 99% used [0x00000000fcb80000,0x00000000ffffb6b8,0x0000000100000000)
 ParOldGen       total 186368K, used 118061K [0x00000000a0000000, 0x00000000ab600000, 0x00000000e0000000)
  object space 186368K, 63% used [0x00000000a0000000,0x00000000a734b600,0x00000000ab600000)
 Metaspace       used 117344K, capacity 123112K, committed 123184K, reserved 1157120K
  class space    used 14571K, capacity 15626K, committed 15664K, reserved 1048576K
GC Heap History (10 events):
Event: 4864.747 GC heap after
Heap after GC invocations=51 (full 6):
 PSYoungGen      total 458752K, used 0K [0x00000000e0000000, 0x0000000100000000, 0x0000000100000000)
  eden space 416768K, 0% used [0x00000000e0000000,0x00000000e0000000,0x00000000f9700000)
  from space 41984K, 0% used [0x00000000fd480000,0x00000000fd480000,0x00000000ffd80000)
  to   space 53760K, 32% used [0x00000000f9700000,0x00000000fa843478,0x00000000fcb80000)
 ParOldGen       total 300544K, used 204800K [0x00000000a0000000, 0x00000000b2580000, 0x00000000e0000000)
  object space 300544K, 68% used [0x00000000a0000000,0x00000000ac800290,0x00000000b2580000)
 Metaspace       used 110185K, capacity 114444K, committed 115760K, reserved 1150976K
  class space    used 13774K, capacity 14591K, committed 14896K, reserved 1048576K
}
Event: 4871.505 GC heap before
{Heap before GC invocations=52 (full 7):
 PSYoungGen      total 458752K, used 416768K [0x00000000e0000000, 0x0000000100000000, 0x0000000100000000)
  eden space 416768K, 100% used [0x00000000e0000000,0x00000000f9700000,0x00000000f9700000)
  from space 41984K, 0% used [0x00000000fd480000,0x00000000fd480000,0x00000000ffd80000)
  to   space 53760K, 32% used [0x00000000f9700000,0x00000000fa843478,0x00000000fcb80000)
 ParOldGen       total 300544K, used 204800K [0x00000000a0000000, 0x00000000b2580000, 0x00000000e0000000)
  object space 300544K, 68% used [0x00000000a0000000,0x00000000ac800290,0x00000000b2580000)
 Metaspace       used 110517K, capacity 114912K, committed 115760K, reserved 1150976K
  class space    used 13810K, capacity 14653K, committed 14896K, reserved 1048576K
Event: 4872.365 GC heap after
Heap after GC invocations=52 (full 7):
 PSYoungGen      total 458752K, used 0K [0x00000000e0000000, 0x0000000100000000, 0x0000000100000000)
  eden space 416768K, 0% used [0x00000000e0000000,0x00000000e0000000,0x00000000f9700000)
  from space 41984K, 0% used [0x00000000fd480000,0x00000000fd480000,0x00000000ffd80000)
  to   space 53760K, 0% used [0x00000000f9700000,0x00000000f9700000,0x00000000fcb80000)
 ParOldGen       total 186368K, used 76742K [0x00000000a0000000, 0x00000000ab600000, 0x00000000e0000000)
  object space 186368K, 41% used [0x00000000a0000000,0x00000000a4af1858,0x00000000ab600000)
 Metaspace       used 110515K, capacity 114906K, committed 115760K, reserved 1150976K
  class space    used 13810K, capacity 14652K, committed 14896K, reserved 1048576K
}
Event: 5595.528 GC heap before
{Heap before GC invocations=53 (full 7):
 PSYoungGen      total 458752K, used 416768K [0x00000000e0000000, 0x0000000100000000, 0x0000000100000000)
  eden space 416768K, 100% used [0x00000000e0000000,0x00000000f9700000,0x00000000f9700000)
  from space 41984K, 0% used [0x00000000fd480000,0x00000000fd480000,0x00000000ffd80000)
  to   space 53760K, 0% used [0x00000000f9700000,0x00000000f9700000,0x00000000fcb80000)
 ParOldGen       total 186368K, used 76743K [0x00000000a0000000, 0x00000000ab600000, 0x00000000e0000000)
  object space 186368K, 41% used [0x00000000a0000000,0x00000000a4af1ff8,0x00000000ab600000)
 Metaspace       used 113934K, capacity 119148K, committed 119472K, reserved 1153024K
  class space    used 14250K, capacity 15201K, committed 15280K, reserved 1048576K
Event: 5595.603 GC heap after
Heap after GC invocations=53 (full 7):
 PSYoungGen      total 470528K, used 21141K [0x00000000e0000000, 0x0000000100000000, 0x0000000100000000)
  eden space 416768K, 0% used [0x00000000e0000000,0x00000000e0000000,0x00000000f9700000)
  from space 53760K, 39% used [0x00000000f9700000,0x00000000faba55d0,0x00000000fcb80000)
  to   space 50688K, 0% used [0x00000000fce80000,0x00000000fce80000,0x0000000100000000)
 ParOldGen       total 186368K, used 76751K [0x00000000a0000000, 0x00000000ab600000, 0x00000000e0000000)
  object space 186368K, 41% used [0x00000000a0000000,0x00000000a4af3ff8,0x00000000ab600000)
 Metaspace       used 113934K, capacity 119148K, committed 119472K, reserved 1153024K
  class space    used 14250K, capacity 15201K, committed 15280K, reserved 1048576K
}
Event: 7738.425 GC heap before
{Heap before GC invocations=54 (full 7):
 PSYoungGen      total 470528K, used 437909K [0x00000000e0000000, 0x0000000100000000, 0x0000000100000000)
  eden space 416768K, 100% used [0x00000000e0000000,0x00000000f9700000,0x00000000f9700000)
  from space 53760K, 39% used [0x00000000f9700000,0x00000000faba55d0,0x00000000fcb80000)
  to   space 50688K, 0% used [0x00000000fce80000,0x00000000fce80000,0x0000000100000000)
 ParOldGen       total 186368K, used 76774K [0x00000000a0000000, 0x00000000ab600000, 0x00000000e0000000)
  object space 186368K, 41% used [0x00000000a0000000,0x00000000a4af98c8,0x00000000ab600000)
 Metaspace       used 115223K, capacity 120718K, committed 121008K, reserved 1155072K
  class space    used 14401K, capacity 15457K, committed 15536K, reserved 1048576K
Event: 7738.653 GC heap after
Heap after GC invocations=54 (full 7):
 PSYoungGen      total 469504K, used 30891K [0x00000000e0000000, 0x00000000fff00000, 0x0000000100000000)
  eden space 419840K, 0% used [0x00000000e0000000,0x00000000e0000000,0x00000000f9a00000)
  from space 49664K, 62% used [0x00000000fce80000,0x00000000fecaae20,0x00000000fff00000)
  to   space 51712K, 0% used [0x00000000f9a00000,0x00000000f9a00000,0x00000000fcc80000)
 ParOldGen       total 186368K, used 76782K [0x00000000a0000000, 0x00000000ab600000, 0x00000000e0000000)
  object space 186368K, 41% used [0x00000000a0000000,0x00000000a4afb8c8,0x00000000ab600000)
 Metaspace       used 115223K, capacity 120718K, committed 121008K, reserved 1155072K
  class space    used 14401K, capacity 15457K, committed 15536K, reserved 1048576K
}
Event: 7778.520 GC heap before
{Heap before GC invocations=55 (full 7):
 PSYoungGen      total 469504K, used 450731K [0x00000000e0000000, 0x00000000fff00000, 0x0000000100000000)
  eden space 419840K, 100% used [0x00000000e0000000,0x00000000f9a00000,0x00000000f9a00000)
  from space 49664K, 62% used [0x00000000fce80000,0x00000000fecaae20,0x00000000fff00000)
  to   space 51712K, 0% used [0x00000000f9a00000,0x00000000f9a00000,0x00000000fcc80000)
 ParOldGen       total 186368K, used 76782K [0x00000000a0000000, 0x00000000ab600000, 0x00000000e0000000)
  object space 186368K, 41% used [0x00000000a0000000,0x00000000a4afb8c8,0x00000000ab600000)
 Metaspace       used 117281K, capacity 122934K, committed 123184K, reserved 1157120K
  class space    used 14565K, capacity 15621K, committed 15664K, reserved 1048576K
Event: 7778.777 GC heap after
Heap after GC invocations=55 (full 7):
 PSYoungGen      total 454656K, used 34497K [0x00000000e0000000, 0x0000000100000000, 0x0000000100000000)
  eden space 419840K, 0% used [0x00000000e0000000,0x00000000e0000000,0x00000000f9a00000)
  from space 34816K, 99% used [0x00000000f9a00000,0x00000000fbbb06f0,0x00000000fbc00000)
  to   space 53760K, 0% used [0x00000000fcb80000,0x00000000fcb80000,0x0000000100000000)
 ParOldGen       total 186368K, used 76854K [0x00000000a0000000, 0x00000000ab600000, 0x00000000e0000000)
  object space 186368K, 41% used [0x00000000a0000000,0x00000000a4b0d8d8,0x00000000ab600000)
 Metaspace       used 117281K, capacity 122934K, committed 123184K, reserved 1157120K
  class space    used 14565K, capacity 15621K, committed 15664K, reserved 1048576K
}
Event: 7783.048 GC heap before
{Heap before GC invocations=56 (full 7):
 PSYoungGen      total 454656K, used 454337K [0x00000000e0000000, 0x0000000100000000, 0x0000000100000000)
  eden space 419840K, 100% used [0x00000000e0000000,0x00000000f9a00000,0x00000000f9a00000)
  from space 34816K, 99% used [0x00000000f9a00000,0x00000000fbbb06f0,0x00000000fbc00000)
  to   space 53760K, 0% used [0x00000000fcb80000,0x00000000fcb80000,0x0000000100000000)
 ParOldGen       total 186368K, used 76854K [0x00000000a0000000, 0x00000000ab600000, 0x00000000e0000000)
  object space 186368K, 41% used [0x00000000a0000000,0x00000000a4b0d8d8,0x00000000ab600000)
 Metaspace       used 117344K, capacity 123112K, committed 123184K, reserved 1157120K
  class space    used 14571K, capacity 15626K, committed 15664K, reserved 1048576K

